<?xml version="1.0" encoding="UTF-8"?>
<!-- Generated by org.testng.reporters.JUnitReportReporter -->
<testsuite hostname="Sandesh_Laptop" failures="0" tests="1" name="LaunchBrowser" time="0.016" errors="0" timestamp="2024-04-01T16:51:26 IST" skipped="0">
  <testcase classname="LaunchBrowser" name="test" time="0.016"/>
  <system-out/>
</testsuite> <!-- LaunchBrowser -->
